[debug] [2021-11-11T20:19:20.884Z] ----------------------------------------------------------------------
[debug] [2021-11-11T20:19:20.886Z] Command:       C:\Program Files\nodejs\node.exe C:\Users\igorn\AppData\Roaming\npm\node_modules\firebase-tools\lib\bin\firebase.js deploy
[debug] [2021-11-11T20:19:20.886Z] CLI Version:   9.22.0
[debug] [2021-11-11T20:19:20.886Z] Platform:      win32
[debug] [2021-11-11T20:19:20.886Z] Node Version:  v14.16.1
[debug] [2021-11-11T20:19:20.887Z] Time:          Thu Nov 11 2021 17:19:20 GMT-0300 (Brasilia Standard Time)
[debug] [2021-11-11T20:19:20.887Z] ----------------------------------------------------------------------
[debug] 
[debug] [2021-11-11T20:19:20.932Z] > command requires scopes: ["email","openid","https://www.googleapis.com/auth/cloudplatformprojects.readonly","https://www.googleapis.com/auth/firebase","https://www.googleapis.com/auth/cloud-platform"]
[debug] [2021-11-11T20:19:20.933Z] > authorizing via signed-in user (sweeetigu@gmail.com)
[debug] [2021-11-11T20:19:20.933Z] [iam] checking project discord-bot-authentication for permissions ["firebase.projects.get","firebasehosting.sites.update"]
[debug] [2021-11-11T20:19:20.934Z] > refreshing access token with scopes: ["email","https://www.googleapis.com/auth/cloud-platform","https://www.googleapis.com/auth/cloudplatformprojects.readonly","https://www.googleapis.com/auth/firebase","openid"]
[debug] [2021-11-11T20:19:20.934Z] >>> HTTP REQUEST POST https://www.googleapis.com/oauth2/v3/token  
 <request body omitted>
[debug] [2021-11-11T20:19:21.085Z] <<< HTTP RESPONSE 200 {"pragma":"no-cache","date":"Thu, 11 Nov 2021 20:19:21 GMT","cache-control":"no-cache, no-store, max-age=0, must-revalidate","expires":"Mon, 01 Jan 1990 00:00:00 GMT","content-type":"application/json; charset=utf-8","vary":"X-Origin, Referer, Origin,Accept-Encoding","server":"scaffolding on HTTPServer2","x-xss-protection":"0","x-frame-options":"SAMEORIGIN","x-content-type-options":"nosniff","alt-svc":"h3=\":443\"; ma=2592000,h3-29=\":443\"; ma=2592000,h3-Q050=\":443\"; ma=2592000,h3-Q046=\":443\"; ma=2592000,h3-Q043=\":443\"; ma=2592000,quic=\":443\"; ma=2592000; v=\"46,43\"","accept-ranges":"none","transfer-encoding":"chunked"}
[debug] [2021-11-11T20:19:21.100Z] >>> HTTP REQUEST POST https://cloudresourcemanager.googleapis.com/v1/projects/discord-bot-authentication:testIamPermissions  
 {"permissions":["firebase.projects.get","firebasehosting.sites.update"]}
[debug] [2021-11-11T20:19:21.943Z] <<< HTTP RESPONSE 200 {"content-type":"application/json; charset=UTF-8","vary":"X-Origin, Referer, Origin,Accept-Encoding","date":"Thu, 11 Nov 2021 20:19:22 GMT","server":"ESF","cache-control":"private","x-xss-protection":"0","x-frame-options":"SAMEORIGIN","x-content-type-options":"nosniff","server-timing":"gfet4t7; dur=726","alt-svc":"h3=\":443\"; ma=2592000,h3-29=\":443\"; ma=2592000,h3-Q050=\":443\"; ma=2592000,h3-Q046=\":443\"; ma=2592000,h3-Q043=\":443\"; ma=2592000,quic=\":443\"; ma=2592000; v=\"46,43\"","accept-ranges":"none","transfer-encoding":"chunked"}
[debug] [2021-11-11T20:19:21.944Z] > refreshing access token with scopes: []
[debug] [2021-11-11T20:19:21.944Z] >>> HTTP REQUEST POST https://www.googleapis.com/oauth2/v3/token  
 <request body omitted>
[debug] [2021-11-11T20:19:22.139Z] <<< HTTP RESPONSE 200 {"date":"Thu, 11 Nov 2021 20:19:22 GMT","expires":"Mon, 01 Jan 1990 00:00:00 GMT","pragma":"no-cache","cache-control":"no-cache, no-store, max-age=0, must-revalidate","content-type":"application/json; charset=utf-8","vary":"X-Origin, Referer, Origin,Accept-Encoding","server":"scaffolding on HTTPServer2","x-xss-protection":"0","x-frame-options":"SAMEORIGIN","x-content-type-options":"nosniff","alt-svc":"h3=\":443\"; ma=2592000,h3-29=\":443\"; ma=2592000,h3-Q050=\":443\"; ma=2592000,h3-Q046=\":443\"; ma=2592000,h3-Q043=\":443\"; ma=2592000,quic=\":443\"; ma=2592000; v=\"46,43\"","accept-ranges":"none","transfer-encoding":"chunked"}
[debug] [2021-11-11T20:19:22.144Z] >>> [apiv2][query] GET https://firebase.googleapis.com/v1beta1/projects/discord-bot-authentication [none]
[debug] [2021-11-11T20:19:23.138Z] <<< [apiv2][status] GET https://firebase.googleapis.com/v1beta1/projects/discord-bot-authentication 200
[debug] [2021-11-11T20:19:23.138Z] <<< [apiv2][body] GET https://firebase.googleapis.com/v1beta1/projects/discord-bot-authentication {"projectId":"discord-bot-authentication","projectNumber":"907618033204","displayName":"discord-bot-authentication","name":"projects/discord-bot-authentication","resources":{"hostingSite":"discord-bot-authentication"},"state":"ACTIVE"}
[info] 
[info] === Deploying to 'discord-bot-authentication'...
[info] 
[info] i  deploying hosting 
[debug] [2021-11-11T20:19:23.141Z] > refreshing access token with scopes: ["email","https://www.googleapis.com/auth/cloud-platform","https://www.googleapis.com/auth/cloudplatformprojects.readonly","https://www.googleapis.com/auth/firebase","openid"]
[debug] [2021-11-11T20:19:23.141Z] >>> HTTP REQUEST POST https://www.googleapis.com/oauth2/v3/token  
 <request body omitted>
[debug] [2021-11-11T20:19:23.337Z] <<< HTTP RESPONSE 200 {"pragma":"no-cache","cache-control":"no-cache, no-store, max-age=0, must-revalidate","expires":"Mon, 01 Jan 1990 00:00:00 GMT","date":"Thu, 11 Nov 2021 20:19:24 GMT","content-type":"application/json; charset=utf-8","vary":"X-Origin, Referer, Origin,Accept-Encoding","server":"scaffolding on HTTPServer2","x-xss-protection":"0","x-frame-options":"SAMEORIGIN","x-content-type-options":"nosniff","alt-svc":"h3=\":443\"; ma=2592000,h3-29=\":443\"; ma=2592000,h3-Q050=\":443\"; ma=2592000,h3-Q046=\":443\"; ma=2592000,h3-Q043=\":443\"; ma=2592000,quic=\":443\"; ma=2592000; v=\"46,43\"","accept-ranges":"none","transfer-encoding":"chunked"}
[debug] [2021-11-11T20:19:23.351Z] >>> HTTP REQUEST POST https://firebasehosting.googleapis.com/v1beta1/sites/discord-bot-authentication/versions  
 {"config":{"rewrites":[{"glob":"**","path":"/index.html"}]},"labels":{"deployment-tool":"cli-firebase"}}
[debug] [2021-11-11T20:19:25.116Z] <<< HTTP RESPONSE 200 {"content-type":"application/json; charset=UTF-8","vary":"X-Origin, Referer, Origin,Accept-Encoding","date":"Thu, 11 Nov 2021 20:19:25 GMT","server":"ESF","cache-control":"private","x-xss-protection":"0","x-frame-options":"SAMEORIGIN","x-content-type-options":"nosniff","alt-svc":"h3=\":443\"; ma=2592000,h3-29=\":443\"; ma=2592000,h3-Q050=\":443\"; ma=2592000,h3-Q046=\":443\"; ma=2592000,h3-Q043=\":443\"; ma=2592000,quic=\":443\"; ma=2592000; v=\"46,43\"","accept-ranges":"none","transfer-encoding":"chunked"}
[info] i  hosting[discord-bot-authentication]: beginning deploy... 
[info] i  hosting[discord-bot-authentication]: found 13 files in build 
[debug] [2021-11-11T20:19:25.154Z] [hosting] hash cache [YnVpbGQ] not populated
[debug] [2021-11-11T20:19:25.677Z] > refreshing access token with scopes: []
[debug] [2021-11-11T20:19:25.677Z] >>> HTTP REQUEST POST https://www.googleapis.com/oauth2/v3/token  
 <request body omitted>
[debug] [2021-11-11T20:19:25.679Z] [hosting] hash cache [YnVpbGQ] stored for 13 files
[debug] [2021-11-11T20:19:25.679Z] [hosting][hash queue][FINAL] {"max":520,"min":78,"avg":147.07692307692307,"active":0,"complete":13,"success":13,"errored":0,"retried":0,"total":13,"elapsed":525}
[debug] [2021-11-11T20:19:25.874Z] <<< HTTP RESPONSE 200 {"pragma":"no-cache","cache-control":"no-cache, no-store, max-age=0, must-revalidate","date":"Thu, 11 Nov 2021 20:19:26 GMT","expires":"Mon, 01 Jan 1990 00:00:00 GMT","content-type":"application/json; charset=utf-8","vary":"X-Origin, Referer, Origin,Accept-Encoding","server":"scaffolding on HTTPServer2","x-xss-protection":"0","x-frame-options":"SAMEORIGIN","x-content-type-options":"nosniff","alt-svc":"h3=\":443\"; ma=2592000,h3-29=\":443\"; ma=2592000,h3-Q050=\":443\"; ma=2592000,h3-Q046=\":443\"; ma=2592000,h3-Q043=\":443\"; ma=2592000,quic=\":443\"; ma=2592000; v=\"46,43\"","accept-ranges":"none","transfer-encoding":"chunked"}
[debug] [2021-11-11T20:19:25.888Z] >>> [apiv2][query] POST https://firebasehosting.googleapis.com/v1beta1/sites/discord-bot-authentication/versions/d29a704fca8d9259:populateFiles [none]
[debug] [2021-11-11T20:19:25.888Z] >>> [apiv2][body] POST https://firebasehosting.googleapis.com/v1beta1/sites/discord-bot-authentication/versions/d29a704fca8d9259:populateFiles {"files":{"/robots.txt":"bfe106a3fb878dc83461c86818bf74fc1bdc7f28538ba613cd3e775516ce8b49","/asset-manifest.json":"98c5b9b060e3b11f9e4a61c1f04eba70675ab8e026cf4b86f9d61a66dc5f2d09","/index.html":"4af2699c116cc016074e4f75cf2287008f69802d55a501c36bebfe092ae9d1bd","/images/favicon.png":"19c28a6d8dee157d220a1f7a7380c42db278130d839f3fdf73cc370b5ce2d034","/static/css/2.68b64559.chunk.css":"764b70b753f6fe0ed2073dbfa4fd6d1df8ec9c4993c0a1f29c94e6fc8aa4f701","/static/css/2.68b64559.chunk.css.map":"699de68cfe7cb4113a5364fa47a904fa913a799a7e0bad8893529e5e62e185a9","/static/js/main.9f44b500.chunk.js":"3181e3f5c52920097b032e7eff4e99eecc3742953f5952ef9b1af84b51b51b15","/static/js/2.73f3db94.chunk.js.LICENSE.txt":"8a54fe243011e9f5aeca4036faaa8d5f43e1c5212d3caa2279d8ef04475e59aa","/static/js/runtime-main.f357065e.js":"a2d899aaf986bbf354d27a8e85794988eb95bff7ef0bd5c4f021431616aa50e2","/static/js/runtime-main.f357065e.js.map":"d61420e1c949b184324a4810b8ada08955544a4fb5113e821ed6f7757f64196b","/static/js/main.9f44b500.chunk.js.map":"781811093918c6624686a0e2b08ae4c9ea008a23c6ef12f8bfcbc16edfa33c38","/static/js/2.73f3db94.chunk.js":"0b733d1f0ed6e20a3f78f275479ddaafd55754bfca9d12ea5671bf1ba7803870","/static/js/2.73f3db94.chunk.js.map":"7700e623482820ee43273a51ee8cc25402401e84d65b493614bab2c36c3452ef"}}
[debug] [2021-11-11T20:19:27.001Z] <<< [apiv2][status] POST https://firebasehosting.googleapis.com/v1beta1/sites/discord-bot-authentication/versions/d29a704fca8d9259:populateFiles 200
[debug] [2021-11-11T20:19:27.002Z] <<< [apiv2][body] POST https://firebasehosting.googleapis.com/v1beta1/sites/discord-bot-authentication/versions/d29a704fca8d9259:populateFiles {"uploadRequiredHashes":["7700e623482820ee43273a51ee8cc25402401e84d65b493614bab2c36c3452ef","3181e3f5c52920097b032e7eff4e99eecc3742953f5952ef9b1af84b51b51b15","19c28a6d8dee157d220a1f7a7380c42db278130d839f3fdf73cc370b5ce2d034","764b70b753f6fe0ed2073dbfa4fd6d1df8ec9c4993c0a1f29c94e6fc8aa4f701","a2d899aaf986bbf354d27a8e85794988eb95bff7ef0bd5c4f021431616aa50e2","781811093918c6624686a0e2b08ae4c9ea008a23c6ef12f8bfcbc16edfa33c38","bfe106a3fb878dc83461c86818bf74fc1bdc7f28538ba613cd3e775516ce8b49","699de68cfe7cb4113a5364fa47a904fa913a799a7e0bad8893529e5e62e185a9","8a54fe243011e9f5aeca4036faaa8d5f43e1c5212d3caa2279d8ef04475e59aa","0b733d1f0ed6e20a3f78f275479ddaafd55754bfca9d12ea5671bf1ba7803870","98c5b9b060e3b11f9e4a61c1f04eba70675ab8e026cf4b86f9d61a66dc5f2d09","4af2699c116cc016074e4f75cf2287008f69802d55a501c36bebfe092ae9d1bd","d61420e1c949b184324a4810b8ada08955544a4fb5113e821ed6f7757f64196b"],"uploadUrl":"https://upload-firebasehosting.googleapis.com/upload/sites/discord-bot-authentication/versions/d29a704fca8d9259/files"}
[debug] [2021-11-11T20:19:27.004Z] >>> [apiv2][query] POST https://upload-firebasehosting.googleapis.com/upload/sites/discord-bot-authentication/versions/d29a704fca8d9259/files/7700e623482820ee43273a51ee8cc25402401e84d65b493614bab2c36c3452ef [none]
[debug] [2021-11-11T20:19:27.004Z] >>> [apiv2][body] POST https://upload-firebasehosting.googleapis.com/upload/sites/discord-bot-authentication/versions/d29a704fca8d9259/files/7700e623482820ee43273a51ee8cc25402401e84d65b493614bab2c36c3452ef [stream]
[debug] [2021-11-11T20:19:27.004Z] >>> [apiv2][query] POST https://upload-firebasehosting.googleapis.com/upload/sites/discord-bot-authentication/versions/d29a704fca8d9259/files/3181e3f5c52920097b032e7eff4e99eecc3742953f5952ef9b1af84b51b51b15 [none]
[debug] [2021-11-11T20:19:27.004Z] >>> [apiv2][body] POST https://upload-firebasehosting.googleapis.com/upload/sites/discord-bot-authentication/versions/d29a704fca8d9259/files/3181e3f5c52920097b032e7eff4e99eecc3742953f5952ef9b1af84b51b51b15 [stream]
[debug] [2021-11-11T20:19:27.005Z] >>> [apiv2][query] POST https://upload-firebasehosting.googleapis.com/upload/sites/discord-bot-authentication/versions/d29a704fca8d9259/files/19c28a6d8dee157d220a1f7a7380c42db278130d839f3fdf73cc370b5ce2d034 [none]
[debug] [2021-11-11T20:19:27.005Z] >>> [apiv2][body] POST https://upload-firebasehosting.googleapis.com/upload/sites/discord-bot-authentication/versions/d29a704fca8d9259/files/19c28a6d8dee157d220a1f7a7380c42db278130d839f3fdf73cc370b5ce2d034 [stream]
[debug] [2021-11-11T20:19:27.005Z] >>> [apiv2][query] POST https://upload-firebasehosting.googleapis.com/upload/sites/discord-bot-authentication/versions/d29a704fca8d9259/files/764b70b753f6fe0ed2073dbfa4fd6d1df8ec9c4993c0a1f29c94e6fc8aa4f701 [none]
[debug] [2021-11-11T20:19:27.005Z] >>> [apiv2][body] POST https://upload-firebasehosting.googleapis.com/upload/sites/discord-bot-authentication/versions/d29a704fca8d9259/files/764b70b753f6fe0ed2073dbfa4fd6d1df8ec9c4993c0a1f29c94e6fc8aa4f701 [stream]
[debug] [2021-11-11T20:19:27.006Z] >>> [apiv2][query] POST https://upload-firebasehosting.googleapis.com/upload/sites/discord-bot-authentication/versions/d29a704fca8d9259/files/a2d899aaf986bbf354d27a8e85794988eb95bff7ef0bd5c4f021431616aa50e2 [none]
[debug] [2021-11-11T20:19:27.006Z] >>> [apiv2][body] POST https://upload-firebasehosting.googleapis.com/upload/sites/discord-bot-authentication/versions/d29a704fca8d9259/files/a2d899aaf986bbf354d27a8e85794988eb95bff7ef0bd5c4f021431616aa50e2 [stream]
[debug] [2021-11-11T20:19:27.009Z] >>> [apiv2][query] POST https://upload-firebasehosting.googleapis.com/upload/sites/discord-bot-authentication/versions/d29a704fca8d9259/files/781811093918c6624686a0e2b08ae4c9ea008a23c6ef12f8bfcbc16edfa33c38 [none]
[debug] [2021-11-11T20:19:27.009Z] >>> [apiv2][body] POST https://upload-firebasehosting.googleapis.com/upload/sites/discord-bot-authentication/versions/d29a704fca8d9259/files/781811093918c6624686a0e2b08ae4c9ea008a23c6ef12f8bfcbc16edfa33c38 [stream]
[debug] [2021-11-11T20:19:27.009Z] >>> [apiv2][query] POST https://upload-firebasehosting.googleapis.com/upload/sites/discord-bot-authentication/versions/d29a704fca8d9259/files/bfe106a3fb878dc83461c86818bf74fc1bdc7f28538ba613cd3e775516ce8b49 [none]
[debug] [2021-11-11T20:19:27.009Z] >>> [apiv2][body] POST https://upload-firebasehosting.googleapis.com/upload/sites/discord-bot-authentication/versions/d29a704fca8d9259/files/bfe106a3fb878dc83461c86818bf74fc1bdc7f28538ba613cd3e775516ce8b49 [stream]
[debug] [2021-11-11T20:19:27.010Z] >>> [apiv2][query] POST https://upload-firebasehosting.googleapis.com/upload/sites/discord-bot-authentication/versions/d29a704fca8d9259/files/699de68cfe7cb4113a5364fa47a904fa913a799a7e0bad8893529e5e62e185a9 [none]
[debug] [2021-11-11T20:19:27.010Z] >>> [apiv2][body] POST https://upload-firebasehosting.googleapis.com/upload/sites/discord-bot-authentication/versions/d29a704fca8d9259/files/699de68cfe7cb4113a5364fa47a904fa913a799a7e0bad8893529e5e62e185a9 [stream]
[debug] [2021-11-11T20:19:27.010Z] >>> [apiv2][query] POST https://upload-firebasehosting.googleapis.com/upload/sites/discord-bot-authentication/versions/d29a704fca8d9259/files/8a54fe243011e9f5aeca4036faaa8d5f43e1c5212d3caa2279d8ef04475e59aa [none]
[debug] [2021-11-11T20:19:27.010Z] >>> [apiv2][body] POST https://upload-firebasehosting.googleapis.com/upload/sites/discord-bot-authentication/versions/d29a704fca8d9259/files/8a54fe243011e9f5aeca4036faaa8d5f43e1c5212d3caa2279d8ef04475e59aa [stream]
[debug] [2021-11-11T20:19:27.011Z] >>> [apiv2][query] POST https://upload-firebasehosting.googleapis.com/upload/sites/discord-bot-authentication/versions/d29a704fca8d9259/files/0b733d1f0ed6e20a3f78f275479ddaafd55754bfca9d12ea5671bf1ba7803870 [none]
[debug] [2021-11-11T20:19:27.011Z] >>> [apiv2][body] POST https://upload-firebasehosting.googleapis.com/upload/sites/discord-bot-authentication/versions/d29a704fca8d9259/files/0b733d1f0ed6e20a3f78f275479ddaafd55754bfca9d12ea5671bf1ba7803870 [stream]
[debug] [2021-11-11T20:19:27.011Z] >>> [apiv2][query] POST https://upload-firebasehosting.googleapis.com/upload/sites/discord-bot-authentication/versions/d29a704fca8d9259/files/98c5b9b060e3b11f9e4a61c1f04eba70675ab8e026cf4b86f9d61a66dc5f2d09 [none]
[debug] [2021-11-11T20:19:27.011Z] >>> [apiv2][body] POST https://upload-firebasehosting.googleapis.com/upload/sites/discord-bot-authentication/versions/d29a704fca8d9259/files/98c5b9b060e3b11f9e4a61c1f04eba70675ab8e026cf4b86f9d61a66dc5f2d09 [stream]
[debug] [2021-11-11T20:19:27.012Z] >>> [apiv2][query] POST https://upload-firebasehosting.googleapis.com/upload/sites/discord-bot-authentication/versions/d29a704fca8d9259/files/4af2699c116cc016074e4f75cf2287008f69802d55a501c36bebfe092ae9d1bd [none]
[debug] [2021-11-11T20:19:27.012Z] >>> [apiv2][body] POST https://upload-firebasehosting.googleapis.com/upload/sites/discord-bot-authentication/versions/d29a704fca8d9259/files/4af2699c116cc016074e4f75cf2287008f69802d55a501c36bebfe092ae9d1bd [stream]
[debug] [2021-11-11T20:19:27.012Z] >>> [apiv2][query] POST https://upload-firebasehosting.googleapis.com/upload/sites/discord-bot-authentication/versions/d29a704fca8d9259/files/d61420e1c949b184324a4810b8ada08955544a4fb5113e821ed6f7757f64196b [none]
[debug] [2021-11-11T20:19:27.012Z] >>> [apiv2][body] POST https://upload-firebasehosting.googleapis.com/upload/sites/discord-bot-authentication/versions/d29a704fca8d9259/files/d61420e1c949b184324a4810b8ada08955544a4fb5113e821ed6f7757f64196b [stream]
[debug] [2021-11-11T20:19:27.013Z] [hosting][populate queue][FINAL] {"max":1327,"min":1327,"avg":1327,"active":0,"complete":1,"success":1,"errored":0,"retried":0,"total":1,"elapsed":1336}
[debug] [2021-11-11T20:19:27.013Z] [hosting] uploads queued: 13
[debug] [2021-11-11T20:19:48.492Z] [uploadQueue] Retrying task 764b70b753f6fe0ed2073dbfa4fd6d1df8ec9c4993c0a1f29c94e6fc8aa4f701
[debug] [2021-11-11T20:19:48.493Z] >>> [apiv2][query] POST https://upload-firebasehosting.googleapis.com/upload/sites/discord-bot-authentication/versions/d29a704fca8d9259/files/764b70b753f6fe0ed2073dbfa4fd6d1df8ec9c4993c0a1f29c94e6fc8aa4f701 [none]
[debug] [2021-11-11T20:19:48.493Z] >>> [apiv2][body] POST https://upload-firebasehosting.googleapis.com/upload/sites/discord-bot-authentication/versions/d29a704fca8d9259/files/764b70b753f6fe0ed2073dbfa4fd6d1df8ec9c4993c0a1f29c94e6fc8aa4f701 [stream]
[debug] [2021-11-11T20:19:48.493Z] [uploadQueue] Retrying task 4af2699c116cc016074e4f75cf2287008f69802d55a501c36bebfe092ae9d1bd
[debug] [2021-11-11T20:19:48.494Z] >>> [apiv2][query] POST https://upload-firebasehosting.googleapis.com/upload/sites/discord-bot-authentication/versions/d29a704fca8d9259/files/4af2699c116cc016074e4f75cf2287008f69802d55a501c36bebfe092ae9d1bd [none]
[debug] [2021-11-11T20:19:48.494Z] >>> [apiv2][body] POST https://upload-firebasehosting.googleapis.com/upload/sites/discord-bot-authentication/versions/d29a704fca8d9259/files/4af2699c116cc016074e4f75cf2287008f69802d55a501c36bebfe092ae9d1bd [stream]
[debug] [2021-11-11T20:19:48.494Z] [uploadQueue] Retrying task 781811093918c6624686a0e2b08ae4c9ea008a23c6ef12f8bfcbc16edfa33c38
[debug] [2021-11-11T20:19:48.494Z] >>> [apiv2][query] POST https://upload-firebasehosting.googleapis.com/upload/sites/discord-bot-authentication/versions/d29a704fca8d9259/files/781811093918c6624686a0e2b08ae4c9ea008a23c6ef12f8bfcbc16edfa33c38 [none]
[debug] [2021-11-11T20:19:48.494Z] >>> [apiv2][body] POST https://upload-firebasehosting.googleapis.com/upload/sites/discord-bot-authentication/versions/d29a704fca8d9259/files/781811093918c6624686a0e2b08ae4c9ea008a23c6ef12f8bfcbc16edfa33c38 [stream]
[debug] [2021-11-11T20:19:48.495Z] [uploadQueue] Retrying task 19c28a6d8dee157d220a1f7a7380c42db278130d839f3fdf73cc370b5ce2d034
[debug] [2021-11-11T20:19:48.495Z] >>> [apiv2][query] POST https://upload-firebasehosting.googleapis.com/upload/sites/discord-bot-authentication/versions/d29a704fca8d9259/files/19c28a6d8dee157d220a1f7a7380c42db278130d839f3fdf73cc370b5ce2d034 [none]
[debug] [2021-11-11T20:19:48.495Z] >>> [apiv2][body] POST https://upload-firebasehosting.googleapis.com/upload/sites/discord-bot-authentication/versions/d29a704fca8d9259/files/19c28a6d8dee157d220a1f7a7380c42db278130d839f3fdf73cc370b5ce2d034 [stream]
[debug] [2021-11-11T20:19:48.496Z] [uploadQueue] Retrying task 0b733d1f0ed6e20a3f78f275479ddaafd55754bfca9d12ea5671bf1ba7803870
[debug] [2021-11-11T20:19:48.496Z] >>> [apiv2][query] POST https://upload-firebasehosting.googleapis.com/upload/sites/discord-bot-authentication/versions/d29a704fca8d9259/files/0b733d1f0ed6e20a3f78f275479ddaafd55754bfca9d12ea5671bf1ba7803870 [none]
[debug] [2021-11-11T20:19:48.496Z] >>> [apiv2][body] POST https://upload-firebasehosting.googleapis.com/upload/sites/discord-bot-authentication/versions/d29a704fca8d9259/files/0b733d1f0ed6e20a3f78f275479ddaafd55754bfca9d12ea5671bf1ba7803870 [stream]
[debug] [2021-11-11T20:19:48.496Z] [uploadQueue] Retrying task bfe106a3fb878dc83461c86818bf74fc1bdc7f28538ba613cd3e775516ce8b49
[debug] [2021-11-11T20:19:48.496Z] >>> [apiv2][query] POST https://upload-firebasehosting.googleapis.com/upload/sites/discord-bot-authentication/versions/d29a704fca8d9259/files/bfe106a3fb878dc83461c86818bf74fc1bdc7f28538ba613cd3e775516ce8b49 [none]
[debug] [2021-11-11T20:19:48.496Z] >>> [apiv2][body] POST https://upload-firebasehosting.googleapis.com/upload/sites/discord-bot-authentication/versions/d29a704fca8d9259/files/bfe106a3fb878dc83461c86818bf74fc1bdc7f28538ba613cd3e775516ce8b49 [stream]
[debug] [2021-11-11T20:19:48.504Z] [uploadQueue] Retrying task 98c5b9b060e3b11f9e4a61c1f04eba70675ab8e026cf4b86f9d61a66dc5f2d09
[debug] [2021-11-11T20:19:48.504Z] >>> [apiv2][query] POST https://upload-firebasehosting.googleapis.com/upload/sites/discord-bot-authentication/versions/d29a704fca8d9259/files/98c5b9b060e3b11f9e4a61c1f04eba70675ab8e026cf4b86f9d61a66dc5f2d09 [none]
[debug] [2021-11-11T20:19:48.504Z] >>> [apiv2][body] POST https://upload-firebasehosting.googleapis.com/upload/sites/discord-bot-authentication/versions/d29a704fca8d9259/files/98c5b9b060e3b11f9e4a61c1f04eba70675ab8e026cf4b86f9d61a66dc5f2d09 [stream]
[debug] [2021-11-11T20:19:48.505Z] [uploadQueue] Retrying task 8a54fe243011e9f5aeca4036faaa8d5f43e1c5212d3caa2279d8ef04475e59aa
[debug] [2021-11-11T20:19:48.506Z] >>> [apiv2][query] POST https://upload-firebasehosting.googleapis.com/upload/sites/discord-bot-authentication/versions/d29a704fca8d9259/files/8a54fe243011e9f5aeca4036faaa8d5f43e1c5212d3caa2279d8ef04475e59aa [none]
[debug] [2021-11-11T20:19:48.506Z] >>> [apiv2][body] POST https://upload-firebasehosting.googleapis.com/upload/sites/discord-bot-authentication/versions/d29a704fca8d9259/files/8a54fe243011e9f5aeca4036faaa8d5f43e1c5212d3caa2279d8ef04475e59aa [stream]
[debug] [2021-11-11T20:19:48.506Z] [uploadQueue] Retrying task 699de68cfe7cb4113a5364fa47a904fa913a799a7e0bad8893529e5e62e185a9
[debug] [2021-11-11T20:19:48.506Z] >>> [apiv2][query] POST https://upload-firebasehosting.googleapis.com/upload/sites/discord-bot-authentication/versions/d29a704fca8d9259/files/699de68cfe7cb4113a5364fa47a904fa913a799a7e0bad8893529e5e62e185a9 [none]
[debug] [2021-11-11T20:19:48.506Z] >>> [apiv2][body] POST https://upload-firebasehosting.googleapis.com/upload/sites/discord-bot-authentication/versions/d29a704fca8d9259/files/699de68cfe7cb4113a5364fa47a904fa913a799a7e0bad8893529e5e62e185a9 [stream]
[debug] [2021-11-11T20:19:48.507Z] [uploadQueue] Retrying task d61420e1c949b184324a4810b8ada08955544a4fb5113e821ed6f7757f64196b
[debug] [2021-11-11T20:19:48.507Z] >>> [apiv2][query] POST https://upload-firebasehosting.googleapis.com/upload/sites/discord-bot-authentication/versions/d29a704fca8d9259/files/d61420e1c949b184324a4810b8ada08955544a4fb5113e821ed6f7757f64196b [none]
[debug] [2021-11-11T20:19:48.507Z] >>> [apiv2][body] POST https://upload-firebasehosting.googleapis.com/upload/sites/discord-bot-authentication/versions/d29a704fca8d9259/files/d61420e1c949b184324a4810b8ada08955544a4fb5113e821ed6f7757f64196b [stream]
[debug] [2021-11-11T20:19:48.507Z] [uploadQueue] Retrying task a2d899aaf986bbf354d27a8e85794988eb95bff7ef0bd5c4f021431616aa50e2
[debug] [2021-11-11T20:19:48.508Z] >>> [apiv2][query] POST https://upload-firebasehosting.googleapis.com/upload/sites/discord-bot-authentication/versions/d29a704fca8d9259/files/a2d899aaf986bbf354d27a8e85794988eb95bff7ef0bd5c4f021431616aa50e2 [none]
[debug] [2021-11-11T20:19:48.508Z] >>> [apiv2][body] POST https://upload-firebasehosting.googleapis.com/upload/sites/discord-bot-authentication/versions/d29a704fca8d9259/files/a2d899aaf986bbf354d27a8e85794988eb95bff7ef0bd5c4f021431616aa50e2 [stream]
[debug] [2021-11-11T20:19:48.524Z] [uploadQueue] Retrying task 3181e3f5c52920097b032e7eff4e99eecc3742953f5952ef9b1af84b51b51b15
[debug] [2021-11-11T20:19:48.524Z] >>> [apiv2][query] POST https://upload-firebasehosting.googleapis.com/upload/sites/discord-bot-authentication/versions/d29a704fca8d9259/files/3181e3f5c52920097b032e7eff4e99eecc3742953f5952ef9b1af84b51b51b15 [none]
[debug] [2021-11-11T20:19:48.524Z] >>> [apiv2][body] POST https://upload-firebasehosting.googleapis.com/upload/sites/discord-bot-authentication/versions/d29a704fca8d9259/files/3181e3f5c52920097b032e7eff4e99eecc3742953f5952ef9b1af84b51b51b15 [stream]
[debug] [2021-11-11T20:19:48.524Z] [uploadQueue] Retrying task 7700e623482820ee43273a51ee8cc25402401e84d65b493614bab2c36c3452ef
[debug] [2021-11-11T20:19:48.525Z] >>> [apiv2][query] POST https://upload-firebasehosting.googleapis.com/upload/sites/discord-bot-authentication/versions/d29a704fca8d9259/files/7700e623482820ee43273a51ee8cc25402401e84d65b493614bab2c36c3452ef [none]
[debug] [2021-11-11T20:19:48.525Z] >>> [apiv2][body] POST https://upload-firebasehosting.googleapis.com/upload/sites/discord-bot-authentication/versions/d29a704fca8d9259/files/7700e623482820ee43273a51ee8cc25402401e84d65b493614bab2c36c3452ef [stream]
[debug] [2021-11-11T20:21:42.849Z] [uploadQueue] Retrying task 764b70b753f6fe0ed2073dbfa4fd6d1df8ec9c4993c0a1f29c94e6fc8aa4f701
[debug] [2021-11-11T20:21:42.849Z] >>> [apiv2][query] POST https://upload-firebasehosting.googleapis.com/upload/sites/discord-bot-authentication/versions/d29a704fca8d9259/files/764b70b753f6fe0ed2073dbfa4fd6d1df8ec9c4993c0a1f29c94e6fc8aa4f701 [none]
[debug] [2021-11-11T20:21:42.849Z] >>> [apiv2][body] POST https://upload-firebasehosting.googleapis.com/upload/sites/discord-bot-authentication/versions/d29a704fca8d9259/files/764b70b753f6fe0ed2073dbfa4fd6d1df8ec9c4993c0a1f29c94e6fc8aa4f701 [stream]
[debug] [2021-11-11T20:21:42.850Z] [uploadQueue] Retrying task 4af2699c116cc016074e4f75cf2287008f69802d55a501c36bebfe092ae9d1bd
[debug] [2021-11-11T20:21:42.850Z] >>> [apiv2][query] POST https://upload-firebasehosting.googleapis.com/upload/sites/discord-bot-authentication/versions/d29a704fca8d9259/files/4af2699c116cc016074e4f75cf2287008f69802d55a501c36bebfe092ae9d1bd [none]
[debug] [2021-11-11T20:21:42.851Z] >>> [apiv2][body] POST https://upload-firebasehosting.googleapis.com/upload/sites/discord-bot-authentication/versions/d29a704fca8d9259/files/4af2699c116cc016074e4f75cf2287008f69802d55a501c36bebfe092ae9d1bd [stream]
[debug] [2021-11-11T20:21:42.851Z] [uploadQueue] Retrying task 781811093918c6624686a0e2b08ae4c9ea008a23c6ef12f8bfcbc16edfa33c38
[debug] [2021-11-11T20:21:42.851Z] >>> [apiv2][query] POST https://upload-firebasehosting.googleapis.com/upload/sites/discord-bot-authentication/versions/d29a704fca8d9259/files/781811093918c6624686a0e2b08ae4c9ea008a23c6ef12f8bfcbc16edfa33c38 [none]
[debug] [2021-11-11T20:21:42.851Z] >>> [apiv2][body] POST https://upload-firebasehosting.googleapis.com/upload/sites/discord-bot-authentication/versions/d29a704fca8d9259/files/781811093918c6624686a0e2b08ae4c9ea008a23c6ef12f8bfcbc16edfa33c38 [stream]
[debug] [2021-11-11T20:21:42.852Z] [uploadQueue] Retrying task 19c28a6d8dee157d220a1f7a7380c42db278130d839f3fdf73cc370b5ce2d034
[debug] [2021-11-11T20:21:42.852Z] >>> [apiv2][query] POST https://upload-firebasehosting.googleapis.com/upload/sites/discord-bot-authentication/versions/d29a704fca8d9259/files/19c28a6d8dee157d220a1f7a7380c42db278130d839f3fdf73cc370b5ce2d034 [none]
[debug] [2021-11-11T20:21:42.852Z] >>> [apiv2][body] POST https://upload-firebasehosting.googleapis.com/upload/sites/discord-bot-authentication/versions/d29a704fca8d9259/files/19c28a6d8dee157d220a1f7a7380c42db278130d839f3fdf73cc370b5ce2d034 [stream]
[debug] [2021-11-11T20:21:42.852Z] [uploadQueue] Retrying task bfe106a3fb878dc83461c86818bf74fc1bdc7f28538ba613cd3e775516ce8b49
[debug] [2021-11-11T20:21:42.853Z] >>> [apiv2][query] POST https://upload-firebasehosting.googleapis.com/upload/sites/discord-bot-authentication/versions/d29a704fca8d9259/files/bfe106a3fb878dc83461c86818bf74fc1bdc7f28538ba613cd3e775516ce8b49 [none]
[debug] [2021-11-11T20:21:42.853Z] >>> [apiv2][body] POST https://upload-firebasehosting.googleapis.com/upload/sites/discord-bot-authentication/versions/d29a704fca8d9259/files/bfe106a3fb878dc83461c86818bf74fc1bdc7f28538ba613cd3e775516ce8b49 [stream]
[debug] [2021-11-11T20:21:42.853Z] [uploadQueue] Retrying task 98c5b9b060e3b11f9e4a61c1f04eba70675ab8e026cf4b86f9d61a66dc5f2d09
[debug] [2021-11-11T20:21:42.853Z] >>> [apiv2][query] POST https://upload-firebasehosting.googleapis.com/upload/sites/discord-bot-authentication/versions/d29a704fca8d9259/files/98c5b9b060e3b11f9e4a61c1f04eba70675ab8e026cf4b86f9d61a66dc5f2d09 [none]
[debug] [2021-11-11T20:21:42.853Z] >>> [apiv2][body] POST https://upload-firebasehosting.googleapis.com/upload/sites/discord-bot-authentication/versions/d29a704fca8d9259/files/98c5b9b060e3b11f9e4a61c1f04eba70675ab8e026cf4b86f9d61a66dc5f2d09 [stream]
[debug] [2021-11-11T20:21:42.854Z] [uploadQueue] Retrying task 8a54fe243011e9f5aeca4036faaa8d5f43e1c5212d3caa2279d8ef04475e59aa
[debug] [2021-11-11T20:21:42.854Z] >>> [apiv2][query] POST https://upload-firebasehosting.googleapis.com/upload/sites/discord-bot-authentication/versions/d29a704fca8d9259/files/8a54fe243011e9f5aeca4036faaa8d5f43e1c5212d3caa2279d8ef04475e59aa [none]
[debug] [2021-11-11T20:21:42.854Z] >>> [apiv2][body] POST https://upload-firebasehosting.googleapis.com/upload/sites/discord-bot-authentication/versions/d29a704fca8d9259/files/8a54fe243011e9f5aeca4036faaa8d5f43e1c5212d3caa2279d8ef04475e59aa [stream]
[debug] [2021-11-11T20:21:42.855Z] [uploadQueue] Retrying task 699de68cfe7cb4113a5364fa47a904fa913a799a7e0bad8893529e5e62e185a9
[debug] [2021-11-11T20:21:42.855Z] >>> [apiv2][query] POST https://upload-firebasehosting.googleapis.com/upload/sites/discord-bot-authentication/versions/d29a704fca8d9259/files/699de68cfe7cb4113a5364fa47a904fa913a799a7e0bad8893529e5e62e185a9 [none]
[debug] [2021-11-11T20:21:42.855Z] >>> [apiv2][body] POST https://upload-firebasehosting.googleapis.com/upload/sites/discord-bot-authentication/versions/d29a704fca8d9259/files/699de68cfe7cb4113a5364fa47a904fa913a799a7e0bad8893529e5e62e185a9 [stream]
[debug] [2021-11-11T20:21:42.856Z] [uploadQueue] Retrying task d61420e1c949b184324a4810b8ada08955544a4fb5113e821ed6f7757f64196b
[debug] [2021-11-11T20:21:42.856Z] >>> [apiv2][query] POST https://upload-firebasehosting.googleapis.com/upload/sites/discord-bot-authentication/versions/d29a704fca8d9259/files/d61420e1c949b184324a4810b8ada08955544a4fb5113e821ed6f7757f64196b [none]
[debug] [2021-11-11T20:21:42.856Z] >>> [apiv2][body] POST https://upload-firebasehosting.googleapis.com/upload/sites/discord-bot-authentication/versions/d29a704fca8d9259/files/d61420e1c949b184324a4810b8ada08955544a4fb5113e821ed6f7757f64196b [stream]
[debug] [2021-11-11T20:21:42.856Z] [uploadQueue] Retrying task a2d899aaf986bbf354d27a8e85794988eb95bff7ef0bd5c4f021431616aa50e2
[debug] [2021-11-11T20:21:42.856Z] >>> [apiv2][query] POST https://upload-firebasehosting.googleapis.com/upload/sites/discord-bot-authentication/versions/d29a704fca8d9259/files/a2d899aaf986bbf354d27a8e85794988eb95bff7ef0bd5c4f021431616aa50e2 [none]
[debug] [2021-11-11T20:21:42.856Z] >>> [apiv2][body] POST https://upload-firebasehosting.googleapis.com/upload/sites/discord-bot-authentication/versions/d29a704fca8d9259/files/a2d899aaf986bbf354d27a8e85794988eb95bff7ef0bd5c4f021431616aa50e2 [stream]
[debug] [2021-11-11T20:21:42.857Z] [uploadQueue] Retrying task 3181e3f5c52920097b032e7eff4e99eecc3742953f5952ef9b1af84b51b51b15
[debug] [2021-11-11T20:21:42.858Z] >>> [apiv2][query] POST https://upload-firebasehosting.googleapis.com/upload/sites/discord-bot-authentication/versions/d29a704fca8d9259/files/3181e3f5c52920097b032e7eff4e99eecc3742953f5952ef9b1af84b51b51b15 [none]
[debug] [2021-11-11T20:21:42.858Z] >>> [apiv2][body] POST https://upload-firebasehosting.googleapis.com/upload/sites/discord-bot-authentication/versions/d29a704fca8d9259/files/3181e3f5c52920097b032e7eff4e99eecc3742953f5952ef9b1af84b51b51b15 [stream]
[debug] [2021-11-11T20:21:42.858Z] [uploadQueue] Retrying task 0b733d1f0ed6e20a3f78f275479ddaafd55754bfca9d12ea5671bf1ba7803870
[debug] [2021-11-11T20:21:42.858Z] >>> [apiv2][query] POST https://upload-firebasehosting.googleapis.com/upload/sites/discord-bot-authentication/versions/d29a704fca8d9259/files/0b733d1f0ed6e20a3f78f275479ddaafd55754bfca9d12ea5671bf1ba7803870 [none]
[debug] [2021-11-11T20:21:42.858Z] >>> [apiv2][body] POST https://upload-firebasehosting.googleapis.com/upload/sites/discord-bot-authentication/versions/d29a704fca8d9259/files/0b733d1f0ed6e20a3f78f275479ddaafd55754bfca9d12ea5671bf1ba7803870 [stream]
[debug] [2021-11-11T20:21:42.859Z] [uploadQueue] Retrying task 7700e623482820ee43273a51ee8cc25402401e84d65b493614bab2c36c3452ef
[debug] [2021-11-11T20:21:42.859Z] >>> [apiv2][query] POST https://upload-firebasehosting.googleapis.com/upload/sites/discord-bot-authentication/versions/d29a704fca8d9259/files/7700e623482820ee43273a51ee8cc25402401e84d65b493614bab2c36c3452ef [none]
[debug] [2021-11-11T20:21:42.859Z] >>> [apiv2][body] POST https://upload-firebasehosting.googleapis.com/upload/sites/discord-bot-authentication/versions/d29a704fca8d9259/files/7700e623482820ee43273a51ee8cc25402401e84d65b493614bab2c36c3452ef [stream]
